

Started GET "/" for 127.0.0.1 at 2012-12-10 17:25:03 -0600
Connecting to database specified by database.yml
Processing by UserController#index as HTML
  [1m[36mVideo Load (0.1ms)[0m  [1mSELECT `videos`.* FROM `videos` ORDER BY points DESC[0m
  [1m[35mUser Load (0.1ms)[0m  SELECT `users`.* FROM `users` WHERE `users`.`remember_token` = '91460c0185da9ed37de98640d78506ac' LIMIT 1
  [1m[36mVotes Load (0.1ms)[0m  [1mSELECT `votes`.* FROM `votes` WHERE (user_id = 1 AND video_id = 3)[0m
  [1m[35mCACHE (0.0ms)[0m  SELECT `votes`.* FROM `votes` WHERE (user_id = 1 AND video_id = 3)
  [1m[36mCACHE (0.0ms)[0m  [1mSELECT `votes`.* FROM `votes` WHERE (user_id = 1 AND video_id = 3)[0m
  [1m[35mCACHE (0.0ms)[0m  SELECT `votes`.* FROM `votes` WHERE (user_id = 1 AND video_id = 3)
  Rendered videos/_voter.html.erb (51.6ms)
  [1m[36mUser Load (0.2ms)[0m  [1mSELECT `users`.* FROM `users` WHERE `users`.`id` = 1 LIMIT 1[0m
  Rendered videos/_vidplayer.html.erb (100.1ms)
  [1m[35m (0.1ms)[0m  SELECT COUNT(count_column) FROM (SELECT 1 AS count_column FROM `videos` LIMIT 15) subquery_for_count 
  [1m[36mCACHE (0.0ms)[0m  [1mSELECT COUNT(count_column) FROM (SELECT 1 AS count_column FROM `videos` LIMIT 15) subquery_for_count [0m
  [1m[35mCACHE (0.0ms)[0m  SELECT COUNT(count_column) FROM (SELECT 1 AS count_column FROM `videos` LIMIT 15) subquery_for_count 
  [1m[36mVideo Load (0.1ms)[0m  [1mSELECT `videos`.* FROM `videos` ORDER BY points DESC LIMIT 15[0m
  Rendered videos/_video_thumbs.html.erb (3.7ms)
  Rendered videos/_video_thumbs.html.erb (0.6ms)
  Rendered videos/_video_thumbs.html.erb (0.5ms)
  Rendered videos/_inner_thumb_set.html.erb (8.3ms)
  Rendered videos/_video_thumbs.html.erb (0.4ms)
  Rendered videos/_video_thumbs.html.erb (0.4ms)
  Rendered videos/_video_thumbs.html.erb (0.4ms)
  Rendered videos/_inner_thumb_set.html.erb (2.2ms)
  Rendered videos/_video_thumbs.html.erb (0.9ms)
  Rendered videos/_inner_thumb_set.html.erb (1.6ms)
  Rendered videos/_scroll.html.erb (15.3ms)
  [1m[35mUser Load (0.1ms)[0m  SELECT `users`.* FROM `users` WHERE `users`.`hasVideo` = 1 ORDER BY points DESC
  Rendered user/_user_thumbs.html.erb (1.7ms)
  Rendered user/_user_thumbs.html.erb (0.8ms)
  [1m[36mUser Load (0.1ms)[0m  [1mSELECT `users`.* FROM `users` WHERE `users`.`hasVideo` = 1 ORDER BY points DESC LIMIT 5[0m
  [1m[35mVideo Load (0.4ms)[0m  SELECT `videos`.* FROM `videos` WHERE `videos`.`user_id` = 1 ORDER BY points DESC
  [1m[36mCACHE (0.0ms)[0m  [1mSELECT `videos`.* FROM `videos` WHERE `videos`.`user_id` = 1 ORDER BY points DESC[0m
  [1m[35mCACHE (0.0ms)[0m  SELECT `videos`.* FROM `videos` WHERE `videos`.`user_id` = 1 ORDER BY points DESC
  Rendered user/_leader.html.erb (39.3ms)
  [1m[36mVideo Load (0.1ms)[0m  [1mSELECT `videos`.* FROM `videos` WHERE `videos`.`user_id` = 4 ORDER BY points DESC[0m
  [1m[35mCACHE (0.0ms)[0m  SELECT `videos`.* FROM `videos` WHERE `videos`.`user_id` = 4 ORDER BY points DESC
  [1m[36mCACHE (0.0ms)[0m  [1mSELECT `videos`.* FROM `videos` WHERE `videos`.`user_id` = 4 ORDER BY points DESC[0m
  Rendered user/_leader.html.erb (3.2ms)
  Rendered layouts/_footer.html.erb (0.8ms)
  Rendered layouts/_leaderboard.html.erb (50.2ms)
  [1m[35mVideo Load (0.1ms)[0m  SELECT `videos`.* FROM `videos` WHERE `videos`.`user_id` = 4
  Rendered user/_id_card.html.erb (2.3ms)
  Rendered user/index.html.erb within layouts/application (258.4ms)
Compiled custom.css  (290ms)  (pid 7083)
Compiled sessions.css  (20ms)  (pid 7083)
Compiled user.css  (1ms)  (pid 7083)
Compiled videos.css  (0ms)  (pid 7083)
Compiled application.css  (466ms)  (pid 7083)
Compiled jquery.js  (3ms)  (pid 7083)
Compiled jquery.validate.js  (0ms)  (pid 7083)
Compiled jquery_ujs.js  (0ms)  (pid 7083)
Compiled application.js  (53ms)  (pid 7083)
Compiled validations.js  (0ms)  (pid 7083)
Compiled waypoints.min.js  (0ms)  (pid 7083)
  Rendered layouts/_header.html.erb (8.2ms)
  Rendered user/_profile_form.html.erb (3.2ms)
Compiled inline.js  (0ms)  (pid 7083)
Completed 200 OK in 1299ms (Views: 1184.3ms | ActiveRecord: 9.9ms)


Started GET "/assets/application.css?body=1" for 127.0.0.1 at 2012-12-10 17:25:05 -0600
Served asset /application.css - 304 Not Modified (6ms)


Started GET "/assets/custom.css?body=1" for 127.0.0.1 at 2012-12-10 17:25:05 -0600
Served asset /custom.css - 304 Not Modified (1ms)


Started GET "/assets/jquery.js?body=1" for 127.0.0.1 at 2012-12-10 17:25:05 -0600
Served asset /jquery.js - 304 Not Modified (10ms)


Started GET "/assets/videos.css?body=1" for 127.0.0.1 at 2012-12-10 17:25:05 -0600
Served asset /videos.css - 304 Not Modified (2ms)


Started GET "/assets/user.css?body=1" for 127.0.0.1 at 2012-12-10 17:25:05 -0600
Served asset /user.css - 304 Not Modified (2ms)


Started GET "/assets/sessions.css?body=1" for 127.0.0.1 at 2012-12-10 17:25:05 -0600
Served asset /sessions.css - 304 Not Modified (1ms)


Started GET "/assets/jquery.validate.js?body=1" for 127.0.0.1 at 2012-12-10 17:25:05 -0600
Served asset /jquery.validate.js - 304 Not Modified (2ms)


Started GET "/assets/jquery_ujs.js?body=1" for 127.0.0.1 at 2012-12-10 17:25:05 -0600
Served asset /jquery_ujs.js - 304 Not Modified (1ms)


Started GET "/assets/application.js?body=1" for 127.0.0.1 at 2012-12-10 17:25:05 -0600
Served asset /application.js - 304 Not Modified (55ms)


Started GET "/assets/waypoints.min.js?body=1" for 127.0.0.1 at 2012-12-10 17:25:05 -0600
Served asset /waypoints.min.js - 304 Not Modified (1ms)


Started GET "/assets/validations.js?body=1" for 127.0.0.1 at 2012-12-10 17:25:05 -0600
Served asset /validations.js - 304 Not Modified (1ms)


Started GET "/assets/inline.js?body=1" for 127.0.0.1 at 2012-12-10 17:25:05 -0600
Served asset /inline.js - 304 Not Modified (1ms)


Started GET "/assets/upload_button_hover.gif" for 127.0.0.1 at 2012-12-10 17:25:05 -0600
Served asset /upload_button_hover.gif - 404 Not Found (2ms)

ActionController::RoutingError (No route matches [GET] "/assets/upload_button_hover.gif"):
  actionpack (3.2.6) lib/action_dispatch/middleware/debug_exceptions.rb:21:in `call'
  actionpack (3.2.6) lib/action_dispatch/middleware/show_exceptions.rb:56:in `call'
  railties (3.2.6) lib/rails/rack/logger.rb:26:in `call_app'
  railties (3.2.6) lib/rails/rack/logger.rb:16:in `call'
  actionpack (3.2.6) lib/action_dispatch/middleware/request_id.rb:22:in `call'
  rack (1.4.1) lib/rack/methodoverride.rb:21:in `call'
  rack (1.4.1) lib/rack/runtime.rb:17:in `call'
  activesupport (3.2.6) lib/active_support/cache/strategy/local_cache.rb:72:in `call'
  rack (1.4.1) lib/rack/lock.rb:15:in `call'
  actionpack (3.2.6) lib/action_dispatch/middleware/static.rb:62:in `call'
  railties (3.2.6) lib/rails/engine.rb:479:in `call'
  railties (3.2.6) lib/rails/application.rb:220:in `call'
  rack (1.4.1) lib/rack/content_length.rb:14:in `call'
  railties (3.2.6) lib/rails/rack/log_tailer.rb:17:in `call'
  rack (1.4.1) lib/rack/handler/webrick.rb:59:in `service'
  /home/skillex/.rvm/rubies/ruby-1.9.3-p327/lib/ruby/1.9.1/webrick/httpserver.rb:138:in `service'
  /home/skillex/.rvm/rubies/ruby-1.9.3-p327/lib/ruby/1.9.1/webrick/httpserver.rb:94:in `run'
  /home/skillex/.rvm/rubies/ruby-1.9.3-p327/lib/ruby/1.9.1/webrick/server.rb:191:in `block in start_thread'


  Rendered /home/skillex/.rvm/gems/ruby-1.9.3-p327/gems/actionpack-3.2.6/lib/action_dispatch/middleware/templates/rescues/routing_error.erb within rescues/layout (4.4ms)


Started GET "/assets/jquery.validate.js?body=1" for 127.0.0.1 at 2012-12-10 17:25:09 -0600
Served asset /jquery.validate.js - 304 Not Modified (0ms)


Started GET "/assets/avatars/1/thumb/kenny.gif?1353981324" for 127.0.0.1 at 2012-12-10 17:25:09 -0600
Served asset /avatars/1/thumb/kenny.gif - 304 Not Modified (2ms)


Started GET "/assets/header_login_hover.gif" for 127.0.0.1 at 2012-12-10 17:25:09 -0600
Served asset /header_login_hover.gif - 304 Not Modified (9ms)


Started GET "/assets/avatars/4/large/cartman.gif?1354296565" for 127.0.0.1 at 2012-12-10 17:25:09 -0600
Served asset /avatars/4/large/cartman.gif - 304 Not Modified (7ms)


Started GET "/assets/avatars/1/large/kenny.gif?1353981324" for 127.0.0.1 at 2012-12-10 17:25:09 -0600
Served asset /avatars/1/large/kenny.gif - 304 Not Modified (2ms)


Started GET "/assets/avatars/4/medium/cartman.gif?1354296565" for 127.0.0.1 at 2012-12-10 17:25:09 -0600
Served asset /avatars/4/medium/cartman.gif - 304 Not Modified (7ms)


Started GET "/assets/upload_button_hover.gif" for 127.0.0.1 at 2012-12-10 17:25:09 -0600
Served asset /upload_button_hover.gif - 404 Not Found (2ms)

ActionController::RoutingError (No route matches [GET] "/assets/upload_button_hover.gif"):
  actionpack (3.2.6) lib/action_dispatch/middleware/debug_exceptions.rb:21:in `call'
  actionpack (3.2.6) lib/action_dispatch/middleware/show_exceptions.rb:56:in `call'
  railties (3.2.6) lib/rails/rack/logger.rb:26:in `call_app'
  railties (3.2.6) lib/rails/rack/logger.rb:16:in `call'
  actionpack (3.2.6) lib/action_dispatch/middleware/request_id.rb:22:in `call'
  rack (1.4.1) lib/rack/methodoverride.rb:21:in `call'
  rack (1.4.1) lib/rack/runtime.rb:17:in `call'
  activesupport (3.2.6) lib/active_support/cache/strategy/local_cache.rb:72:in `call'
  rack (1.4.1) lib/rack/lock.rb:15:in `call'
  actionpack (3.2.6) lib/action_dispatch/middleware/static.rb:62:in `call'
  railties (3.2.6) lib/rails/engine.rb:479:in `call'
  railties (3.2.6) lib/rails/application.rb:220:in `call'
  rack (1.4.1) lib/rack/content_length.rb:14:in `call'
  railties (3.2.6) lib/rails/rack/log_tailer.rb:17:in `call'
  rack (1.4.1) lib/rack/handler/webrick.rb:59:in `service'
  /home/skillex/.rvm/rubies/ruby-1.9.3-p327/lib/ruby/1.9.1/webrick/httpserver.rb:138:in `service'
  /home/skillex/.rvm/rubies/ruby-1.9.3-p327/lib/ruby/1.9.1/webrick/httpserver.rb:94:in `run'
  /home/skillex/.rvm/rubies/ruby-1.9.3-p327/lib/ruby/1.9.1/webrick/server.rb:191:in `block in start_thread'


  Rendered /home/skillex/.rvm/gems/ruby-1.9.3-p327/gems/actionpack-3.2.6/lib/action_dispatch/middleware/templates/rescues/routing_error.erb within rescues/layout (0.6ms)


Started GET "/assets/avatars/1/medium/kenny.gif?1353981324" for 127.0.0.1 at 2012-12-10 17:25:09 -0600
Served asset /avatars/1/medium/kenny.gif - 304 Not Modified (8ms)


Started GET "/assets/header_logout_hover.gif" for 127.0.0.1 at 2012-12-10 17:25:09 -0600
Served asset /header_logout_hover.gif - 304 Not Modified (8ms)


Started GET "/assets/header_leaders_hover.gif" for 127.0.0.1 at 2012-12-10 17:25:09 -0600
Served asset /header_leaders_hover.gif - 304 Not Modified (12ms)


Started GET "/assets/header_upload_hover.gif" for 127.0.0.1 at 2012-12-10 17:25:09 -0600
Served asset /header_upload_hover.gif - 304 Not Modified (3ms)


Started GET "/assets/next_hover.gif" for 127.0.0.1 at 2012-12-10 17:25:09 -0600
Served asset /next_hover.gif - 304 Not Modified (11ms)


Started GET "/assets/back_hover.gif" for 127.0.0.1 at 2012-12-10 17:25:09 -0600
Served asset /back_hover.gif - 304 Not Modified (58ms)


Started GET "/assets/arrow_mad_hover.gif" for 127.0.0.1 at 2012-12-10 17:25:10 -0600
Served asset /arrow_mad_hover.gif - 304 Not Modified (3ms)


Started GET "/assets/arrow_bad_hover.gif" for 127.0.0.1 at 2012-12-10 17:25:10 -0600
Served asset /arrow_bad_hover.gif - 304 Not Modified (4ms)


Started GET "/assets/button_hover.gif" for 127.0.0.1 at 2012-12-10 17:25:10 -0600
Served asset /button_hover.gif - 304 Not Modified (3ms)


Started GET "/assets/share_fb_hover.gif" for 127.0.0.1 at 2012-12-10 17:25:10 -0600
Served asset /share_fb_hover.gif - 304 Not Modified (7ms)


Started GET "/assets/share_twitter_hover.gif" for 127.0.0.1 at 2012-12-10 17:25:10 -0600
Served asset /share_twitter_hover.gif - 304 Not Modified (3ms)


Started GET "/assets/header_back.gif" for 127.0.0.1 at 2012-12-10 17:25:10 -0600
Served asset /header_back.gif - 304 Not Modified (3ms)


Started GET "/assets/header_logo.gif" for 127.0.0.1 at 2012-12-10 17:25:10 -0600
Served asset /header_logo.gif - 304 Not Modified (2ms)


Started GET "/assets/header_leaders.gif" for 127.0.0.1 at 2012-12-10 17:25:10 -0600
Served asset /header_leaders.gif - 304 Not Modified (2ms)


Started GET "/assets/header_logout.gif" for 127.0.0.1 at 2012-12-10 17:25:10 -0600
Served asset /header_logout.gif - 304 Not Modified (4ms)


Started GET "/assets/header_upload.gif" for 127.0.0.1 at 2012-12-10 17:25:10 -0600
Served asset /header_upload.gif - 304 Not Modified (7ms)


Started GET "/assets/back.png" for 127.0.0.1 at 2012-12-10 17:25:10 -0600
Served asset /back.png - 304 Not Modified (3ms)


Started GET "/assets/arrow_mad.gif" for 127.0.0.1 at 2012-12-10 17:25:10 -0600
Served asset /arrow_mad.gif - 304 Not Modified (3ms)


Started GET "/assets/arrow_bad.gif" for 127.0.0.1 at 2012-12-10 17:25:10 -0600
Served asset /arrow_bad.gif - 304 Not Modified (40ms)


Started GET "/assets/info_back.gif" for 127.0.0.1 at 2012-12-10 17:25:10 -0600
Served asset /info_back.gif - 304 Not Modified (3ms)


Started GET "/assets/share_fb.gif" for 127.0.0.1 at 2012-12-10 17:25:10 -0600
Served asset /share_fb.gif - 304 Not Modified (3ms)


Started GET "/assets/share_twitter.gif" for 127.0.0.1 at 2012-12-10 17:25:10 -0600
Served asset /share_twitter.gif - 304 Not Modified (3ms)


Started GET "/assets/back.gif" for 127.0.0.1 at 2012-12-10 17:25:10 -0600
Served asset /back.gif - 304 Not Modified (7ms)


Started GET "/assets/ribbon.png" for 127.0.0.1 at 2012-12-10 17:25:10 -0600
Served asset /ribbon.png - 304 Not Modified (4ms)


Started GET "/assets/next.gif" for 127.0.0.1 at 2012-12-10 17:25:10 -0600
Served asset /next.gif - 304 Not Modified (3ms)


Started GET "/assets/leaderboard_title.gif" for 127.0.0.1 at 2012-12-10 17:25:10 -0600
Served asset /leaderboard_title.gif - 304 Not Modified (5ms)


Started GET "/assets/all.gif" for 127.0.0.1 at 2012-12-10 17:25:10 -0600
Served asset /all.gif - 304 Not Modified (2ms)


Started GET "/assets/trans.png" for 127.0.0.1 at 2012-12-10 17:25:10 -0600
Served asset /trans.png - 304 Not Modified (3ms)


Started GET "/assets/leaderboard_back.gif" for 127.0.0.1 at 2012-12-10 17:25:10 -0600
Served asset /leaderboard_back.gif - 304 Not Modified (6ms)


Started GET "/assets/leaderboard_divider.gif" for 127.0.0.1 at 2012-12-10 17:25:10 -0600
Served asset /leaderboard_divider.gif - 304 Not Modified (2ms)


Started GET "/assets/leaderboard_back_bottom.gif" for 127.0.0.1 at 2012-12-10 17:25:10 -0600
Served asset /leaderboard_back_bottom.gif - 304 Not Modified (3ms)


Started GET "/assets/leaderboard_back_left.gif" for 127.0.0.1 at 2012-12-10 17:25:10 -0600
Served asset /leaderboard_back_left.gif - 304 Not Modified (4ms)


Started GET "/assets/leaderboard_back_right.gif" for 127.0.0.1 at 2012-12-10 17:25:10 -0600
Served asset /leaderboard_back_right.gif - 304 Not Modified (69ms)
Connecting to database specified by database.yml


Started GET "/" for 127.0.0.1 at 2012-12-10 18:35:52 -0600
Processing by UserController#index as HTML
  [1m[36mVideo Load (1.9ms)[0m  [1mSELECT `videos`.* FROM `videos` ORDER BY points DESC[0m
  [1m[35mUser Load (1.3ms)[0m  SELECT `users`.* FROM `users` WHERE `users`.`remember_token` = '91460c0185da9ed37de98640d78506ac' LIMIT 1
  [1m[36mVotes Load (6.4ms)[0m  [1mSELECT `votes`.* FROM `votes` WHERE (user_id = 1 AND video_id = 3)[0m
  [1m[35mCACHE (0.0ms)[0m  SELECT `votes`.* FROM `votes` WHERE (user_id = 1 AND video_id = 3)
  [1m[36mCACHE (0.0ms)[0m  [1mSELECT `votes`.* FROM `votes` WHERE (user_id = 1 AND video_id = 3)[0m
  [1m[35mCACHE (0.0ms)[0m  SELECT `votes`.* FROM `votes` WHERE (user_id = 1 AND video_id = 3)
  Rendered videos/_voter.html.erb (15.3ms)
  [1m[36mUser Load (1.1ms)[0m  [1mSELECT `users`.* FROM `users` WHERE `users`.`id` = 1 LIMIT 1[0m
  Rendered videos/_vidplayer.html.erb (19.4ms)
  [1m[35m (0.6ms)[0m  SELECT COUNT(count_column) FROM (SELECT 1 AS count_column FROM `videos` LIMIT 15) subquery_for_count 
  [1m[36mCACHE (0.0ms)[0m  [1mSELECT COUNT(count_column) FROM (SELECT 1 AS count_column FROM `videos` LIMIT 15) subquery_for_count [0m
  [1m[35mCACHE (0.0ms)[0m  SELECT COUNT(count_column) FROM (SELECT 1 AS count_column FROM `videos` LIMIT 15) subquery_for_count 
  [1m[36mVideo Load (5.3ms)[0m  [1mSELECT `videos`.* FROM `videos` ORDER BY points DESC LIMIT 15[0m
  Rendered videos/_video_thumbs.html.erb (7.0ms)
  Rendered videos/_video_thumbs.html.erb (0.6ms)
  Rendered videos/_video_thumbs.html.erb (5.2ms)
  Rendered videos/_inner_thumb_set.html.erb (14.4ms)
  Rendered videos/_video_thumbs.html.erb (0.5ms)
  Rendered videos/_video_thumbs.html.erb (4.7ms)
  Rendered videos/_video_thumbs.html.erb (0.6ms)
  Rendered videos/_inner_thumb_set.html.erb (6.9ms)
  Rendered videos/_video_thumbs.html.erb (0.4ms)
  Rendered videos/_inner_thumb_set.html.erb (1.0ms)
  Rendered videos/_scroll.html.erb (25.4ms)
  [1m[35mUser Load (0.1ms)[0m  SELECT `users`.* FROM `users` WHERE `users`.`hasVideo` = 1 ORDER BY points DESC
  Rendered user/_user_thumbs.html.erb (5.9ms)
  Rendered user/_user_thumbs.html.erb (6.9ms)
  [1m[36mUser Load (0.1ms)[0m  [1mSELECT `users`.* FROM `users` WHERE `users`.`hasVideo` = 1 ORDER BY points DESC LIMIT 5[0m
  [1m[35mVideo Load (0.1ms)[0m  SELECT `videos`.* FROM `videos` WHERE `videos`.`user_id` = 1 ORDER BY points DESC
  [1m[36mCACHE (0.0ms)[0m  [1mSELECT `videos`.* FROM `videos` WHERE `videos`.`user_id` = 1 ORDER BY points DESC[0m
  [1m[35mCACHE (0.0ms)[0m  SELECT `videos`.* FROM `videos` WHERE `videos`.`user_id` = 1 ORDER BY points DESC
  Rendered user/_leader.html.erb (11.3ms)
  [1m[36mVideo Load (3.8ms)[0m  [1mSELECT `videos`.* FROM `videos` WHERE `videos`.`user_id` = 4 ORDER BY points DESC[0m
  [1m[35mCACHE (0.0ms)[0m  SELECT `videos`.* FROM `videos` WHERE `videos`.`user_id` = 4 ORDER BY points DESC
  [1m[36mCACHE (0.0ms)[0m  [1mSELECT `videos`.* FROM `videos` WHERE `videos`.`user_id` = 4 ORDER BY points DESC[0m
  Rendered user/_leader.html.erb (7.6ms)
  Rendered layouts/_footer.html.erb (3.0ms)
  Rendered layouts/_leaderboard.html.erb (47.5ms)
  [1m[35mVideo Load (2.5ms)[0m  SELECT `videos`.* FROM `videos` WHERE `videos`.`user_id` = 4
  Rendered user/_id_card.html.erb (4.3ms)
  Rendered user/index.html.erb within layouts/application (113.8ms)
  Rendered layouts/_header.html.erb (6.3ms)
  Rendered user/_profile_form.html.erb (4.9ms)
Completed 200 OK in 275ms (Views: 251.1ms | ActiveRecord: 23.2ms)


Started GET "/assets/application.css?body=1" for 127.0.0.1 at 2012-12-10 18:35:53 -0600
Served asset /application.css - 304 Not Modified (0ms)


Started GET "/assets/custom.css?body=1" for 127.0.0.1 at 2012-12-10 18:35:53 -0600
Served asset /custom.css - 304 Not Modified (0ms)


Started GET "/assets/sessions.css?body=1" for 127.0.0.1 at 2012-12-10 18:35:53 -0600
Served asset /sessions.css - 304 Not Modified (0ms)


Started GET "/assets/jquery.validate.js?body=1" for 127.0.0.1 at 2012-12-10 18:35:53 -0600
Served asset /jquery.validate.js - 304 Not Modified (0ms)


Started GET "/assets/jquery.js?body=1" for 127.0.0.1 at 2012-12-10 18:35:53 -0600
Served asset /jquery.js - 304 Not Modified (0ms)


Started GET "/assets/videos.css?body=1" for 127.0.0.1 at 2012-12-10 18:35:53 -0600
Served asset /videos.css - 304 Not Modified (0ms)


Started GET "/assets/user.css?body=1" for 127.0.0.1 at 2012-12-10 18:35:53 -0600
Served asset /user.css - 304 Not Modified (0ms)


Started GET "/assets/jquery_ujs.js?body=1" for 127.0.0.1 at 2012-12-10 18:35:53 -0600
Served asset /jquery_ujs.js - 304 Not Modified (0ms)


Started GET "/assets/application.js?body=1" for 127.0.0.1 at 2012-12-10 18:35:53 -0600
Served asset /application.js - 304 Not Modified (1ms)


Started GET "/assets/avatars/1/thumb/kenny.gif?1353981324" for 127.0.0.1 at 2012-12-10 18:35:53 -0600
Served asset /avatars/1/thumb/kenny.gif - 304 Not Modified (0ms)


Started GET "/assets/inline.js?body=1" for 127.0.0.1 at 2012-12-10 18:35:53 -0600
Served asset /inline.js - 304 Not Modified (0ms)


Started GET "/assets/waypoints.min.js?body=1" for 127.0.0.1 at 2012-12-10 18:35:53 -0600
Served asset /waypoints.min.js - 304 Not Modified (0ms)


Started GET "/assets/validations.js?body=1" for 127.0.0.1 at 2012-12-10 18:35:53 -0600
Served asset /validations.js - 304 Not Modified (0ms)


Started GET "/assets/avatars/1/medium/kenny.gif?1353981324" for 127.0.0.1 at 2012-12-10 18:35:53 -0600
Served asset /avatars/1/medium/kenny.gif - 304 Not Modified (0ms)


Started GET "/assets/avatars/4/medium/cartman.gif?1354296565" for 127.0.0.1 at 2012-12-10 18:35:53 -0600
Served asset /avatars/4/medium/cartman.gif - 304 Not Modified (0ms)


Started GET "/assets/avatars/1/large/kenny.gif?1353981324" for 127.0.0.1 at 2012-12-10 18:35:53 -0600
Served asset /avatars/1/large/kenny.gif - 304 Not Modified (0ms)


Started GET "/assets/header_leaders_hover.gif" for 127.0.0.1 at 2012-12-10 18:35:53 -0600
Served asset /header_leaders_hover.gif - 304 Not Modified (0ms)


Started GET "/assets/header_logout_hover.gif" for 127.0.0.1 at 2012-12-10 18:35:53 -0600
Served asset /header_logout_hover.gif - 304 Not Modified (0ms)


Started GET "/assets/header_login_hover.gif" for 127.0.0.1 at 2012-12-10 18:35:53 -0600
Served asset /header_login_hover.gif - 304 Not Modified (0ms)


Started GET "/assets/avatars/4/large/cartman.gif?1354296565" for 127.0.0.1 at 2012-12-10 18:35:53 -0600
Served asset /avatars/4/large/cartman.gif - 304 Not Modified (0ms)


Started GET "/assets/header_upload_hover.gif" for 127.0.0.1 at 2012-12-10 18:35:53 -0600
Served asset /header_upload_hover.gif - 304 Not Modified (0ms)


Started GET "/assets/next_hover.gif" for 127.0.0.1 at 2012-12-10 18:35:53 -0600
Served asset /next_hover.gif - 304 Not Modified (0ms)


Started GET "/assets/arrow_mad_hover.gif" for 127.0.0.1 at 2012-12-10 18:35:53 -0600
Served asset /arrow_mad_hover.gif - 304 Not Modified (0ms)


Started GET "/assets/back_hover.gif" for 127.0.0.1 at 2012-12-10 18:35:53 -0600
Served asset /back_hover.gif - 304 Not Modified (0ms)


Started GET "/assets/arrow_bad_hover.gif" for 127.0.0.1 at 2012-12-10 18:35:53 -0600
Served asset /arrow_bad_hover.gif - 304 Not Modified (0ms)


Started GET "/assets/button_hover.gif" for 127.0.0.1 at 2012-12-10 18:35:53 -0600
Served asset /button_hover.gif - 304 Not Modified (0ms)


Started GET "/assets/upload_button_hover.gif" for 127.0.0.1 at 2012-12-10 18:35:53 -0600
Served asset /upload_button_hover.gif - 404 Not Found (2ms)

ActionController::RoutingError (No route matches [GET] "/assets/upload_button_hover.gif"):
  actionpack (3.2.6) lib/action_dispatch/middleware/debug_exceptions.rb:21:in `call'
  actionpack (3.2.6) lib/action_dispatch/middleware/show_exceptions.rb:56:in `call'
  railties (3.2.6) lib/rails/rack/logger.rb:26:in `call_app'
  railties (3.2.6) lib/rails/rack/logger.rb:16:in `call'
  actionpack (3.2.6) lib/action_dispatch/middleware/request_id.rb:22:in `call'
  rack (1.4.1) lib/rack/methodoverride.rb:21:in `call'
  rack (1.4.1) lib/rack/runtime.rb:17:in `call'
  activesupport (3.2.6) lib/active_support/cache/strategy/local_cache.rb:72:in `call'
  rack (1.4.1) lib/rack/lock.rb:15:in `call'
  actionpack (3.2.6) lib/action_dispatch/middleware/static.rb:62:in `call'
  railties (3.2.6) lib/rails/engine.rb:479:in `call'
  railties (3.2.6) lib/rails/application.rb:220:in `call'
  rack (1.4.1) lib/rack/content_length.rb:14:in `call'
  railties (3.2.6) lib/rails/rack/log_tailer.rb:17:in `call'
  rack (1.4.1) lib/rack/handler/webrick.rb:59:in `service'
  /home/skillex/.rvm/rubies/ruby-1.9.3-p327/lib/ruby/1.9.1/webrick/httpserver.rb:138:in `service'
  /home/skillex/.rvm/rubies/ruby-1.9.3-p327/lib/ruby/1.9.1/webrick/httpserver.rb:94:in `run'
  /home/skillex/.rvm/rubies/ruby-1.9.3-p327/lib/ruby/1.9.1/webrick/server.rb:191:in `block in start_thread'


  Rendered /home/skillex/.rvm/gems/ruby-1.9.3-p327/gems/actionpack-3.2.6/lib/action_dispatch/middleware/templates/rescues/routing_error.erb within rescues/layout (0.6ms)


Started GET "/assets/share_twitter_hover.gif" for 127.0.0.1 at 2012-12-10 18:35:53 -0600
Served asset /share_twitter_hover.gif - 304 Not Modified (0ms)


Started GET "/assets/share_fb_hover.gif" for 127.0.0.1 at 2012-12-10 18:35:53 -0600
Served asset /share_fb_hover.gif - 304 Not Modified (0ms)


Started GET "/assets/jquery.validate.js?body=1" for 127.0.0.1 at 2012-12-10 18:35:54 -0600
Served asset /jquery.validate.js - 304 Not Modified (0ms)


Started GET "/assets/upload_button_hover.gif" for 127.0.0.1 at 2012-12-10 18:35:54 -0600
Served asset /upload_button_hover.gif - 404 Not Found (9ms)

ActionController::RoutingError (No route matches [GET] "/assets/upload_button_hover.gif"):
  actionpack (3.2.6) lib/action_dispatch/middleware/debug_exceptions.rb:21:in `call'
  actionpack (3.2.6) lib/action_dispatch/middleware/show_exceptions.rb:56:in `call'
  railties (3.2.6) lib/rails/rack/logger.rb:26:in `call_app'
  railties (3.2.6) lib/rails/rack/logger.rb:16:in `call'
  actionpack (3.2.6) lib/action_dispatch/middleware/request_id.rb:22:in `call'
  rack (1.4.1) lib/rack/methodoverride.rb:21:in `call'
  rack (1.4.1) lib/rack/runtime.rb:17:in `call'
  activesupport (3.2.6) lib/active_support/cache/strategy/local_cache.rb:72:in `call'
  rack (1.4.1) lib/rack/lock.rb:15:in `call'
  actionpack (3.2.6) lib/action_dispatch/middleware/static.rb:62:in `call'
  railties (3.2.6) lib/rails/engine.rb:479:in `call'
  railties (3.2.6) lib/rails/application.rb:220:in `call'
  rack (1.4.1) lib/rack/content_length.rb:14:in `call'
  railties (3.2.6) lib/rails/rack/log_tailer.rb:17:in `call'
  rack (1.4.1) lib/rack/handler/webrick.rb:59:in `service'
  /home/skillex/.rvm/rubies/ruby-1.9.3-p327/lib/ruby/1.9.1/webrick/httpserver.rb:138:in `service'
  /home/skillex/.rvm/rubies/ruby-1.9.3-p327/lib/ruby/1.9.1/webrick/httpserver.rb:94:in `run'
  /home/skillex/.rvm/rubies/ruby-1.9.3-p327/lib/ruby/1.9.1/webrick/server.rb:191:in `block in start_thread'


  Rendered /home/skillex/.rvm/gems/ruby-1.9.3-p327/gems/actionpack-3.2.6/lib/action_dispatch/middleware/templates/rescues/routing_error.erb within rescues/layout (11.0ms)


Started GET "/assets/header_back.gif" for 127.0.0.1 at 2012-12-10 18:35:54 -0600
Served asset /header_back.gif - 304 Not Modified (0ms)


Started GET "/assets/header_logo.gif" for 127.0.0.1 at 2012-12-10 18:35:54 -0600
Served asset /header_logo.gif - 304 Not Modified (0ms)


Started GET "/assets/header_logout.gif" for 127.0.0.1 at 2012-12-10 18:35:54 -0600
Served asset /header_logout.gif - 304 Not Modified (0ms)


Started GET "/assets/header_leaders.gif" for 127.0.0.1 at 2012-12-10 18:35:54 -0600
Served asset /header_leaders.gif - 304 Not Modified (0ms)


Started GET "/assets/header_upload.gif" for 127.0.0.1 at 2012-12-10 18:35:54 -0600
Served asset /header_upload.gif - 304 Not Modified (0ms)


Started GET "/assets/arrow_mad.gif" for 127.0.0.1 at 2012-12-10 18:35:54 -0600
Served asset /arrow_mad.gif - 304 Not Modified (0ms)


Started GET "/assets/back.png" for 127.0.0.1 at 2012-12-10 18:35:54 -0600
Served asset /back.png - 304 Not Modified (0ms)


Started GET "/assets/arrow_bad.gif" for 127.0.0.1 at 2012-12-10 18:35:54 -0600
Served asset /arrow_bad.gif - 304 Not Modified (0ms)


Started GET "/assets/share_twitter.gif" for 127.0.0.1 at 2012-12-10 18:35:54 -0600
Served asset /share_twitter.gif - 304 Not Modified (0ms)


Started GET "/assets/share_fb.gif" for 127.0.0.1 at 2012-12-10 18:35:54 -0600
Served asset /share_fb.gif - 304 Not Modified (0ms)


Started GET "/assets/info_back.gif" for 127.0.0.1 at 2012-12-10 18:35:54 -0600
Served asset /info_back.gif - 304 Not Modified (0ms)


Started GET "/assets/ribbon.png" for 127.0.0.1 at 2012-12-10 18:35:54 -0600
Served asset /ribbon.png - 304 Not Modified (0ms)


Started GET "/assets/back.gif" for 127.0.0.1 at 2012-12-10 18:35:54 -0600
Served asset /back.gif - 304 Not Modified (0ms)


Started GET "/assets/next.gif" for 127.0.0.1 at 2012-12-10 18:35:54 -0600
Served asset /next.gif - 304 Not Modified (0ms)


Started GET "/assets/leaderboard_title.gif" for 127.0.0.1 at 2012-12-10 18:35:54 -0600
Served asset /leaderboard_title.gif - 304 Not Modified (0ms)


Started GET "/assets/all.gif" for 127.0.0.1 at 2012-12-10 18:35:54 -0600
Served asset /all.gif - 304 Not Modified (0ms)


Started GET "/assets/trans.png" for 127.0.0.1 at 2012-12-10 18:35:54 -0600
Served asset /trans.png - 304 Not Modified (0ms)


Started GET "/assets/leaderboard_back.gif" for 127.0.0.1 at 2012-12-10 18:35:54 -0600
Served asset /leaderboard_back.gif - 304 Not Modified (0ms)


Started GET "/assets/leaderboard_divider.gif" for 127.0.0.1 at 2012-12-10 18:35:54 -0600
Served asset /leaderboard_divider.gif - 304 Not Modified (0ms)


Started GET "/assets/leaderboard_back_bottom.gif" for 127.0.0.1 at 2012-12-10 18:35:54 -0600
Served asset /leaderboard_back_bottom.gif - 304 Not Modified (0ms)


Started GET "/assets/leaderboard_back_left.gif" for 127.0.0.1 at 2012-12-10 18:35:54 -0600
Served asset /leaderboard_back_left.gif - 304 Not Modified (0ms)


Started GET "/assets/leaderboard_back_right.gif" for 127.0.0.1 at 2012-12-10 18:35:54 -0600
Served asset /leaderboard_back_right.gif - 304 Not Modified (0ms)


Started GET "/assets/backtotop.png" for 127.0.0.1 at 2012-12-10 18:35:57 -0600
Served asset /backtotop.png - 304 Not Modified (13ms)


Started GET "/" for 127.0.0.1 at 2012-12-10 18:38:16 -0600
Processing by UserController#index as HTML
  [1m[36mVideo Load (0.3ms)[0m  [1mSELECT `videos`.* FROM `videos` ORDER BY points DESC[0m
  [1m[35mUser Load (0.1ms)[0m  SELECT `users`.* FROM `users` WHERE `users`.`remember_token` = '91460c0185da9ed37de98640d78506ac' LIMIT 1
  [1m[36mVotes Load (0.1ms)[0m  [1mSELECT `votes`.* FROM `votes` WHERE (user_id = 1 AND video_id = 3)[0m
  [1m[35mCACHE (0.0ms)[0m  SELECT `votes`.* FROM `votes` WHERE (user_id = 1 AND video_id = 3)
  [1m[36mCACHE (0.0ms)[0m  [1mSELECT `votes`.* FROM `votes` WHERE (user_id = 1 AND video_id = 3)[0m
  [1m[35mCACHE (0.0ms)[0m  SELECT `votes`.* FROM `votes` WHERE (user_id = 1 AND video_id = 3)
  Rendered videos/_voter.html.erb (4.0ms)
  [1m[36mUser Load (0.3ms)[0m  [1mSELECT `users`.* FROM `users` WHERE `users`.`id` = 1 LIMIT 1[0m
  Rendered videos/_vidplayer.html.erb (6.5ms)
  [1m[35m (0.3ms)[0m  SELECT COUNT(count_column) FROM (SELECT 1 AS count_column FROM `videos` LIMIT 15) subquery_for_count 
  [1m[36mCACHE (0.0ms)[0m  [1mSELECT COUNT(count_column) FROM (SELECT 1 AS count_column FROM `videos` LIMIT 15) subquery_for_count [0m
  [1m[35mCACHE (0.0ms)[0m  SELECT COUNT(count_column) FROM (SELECT 1 AS count_column FROM `videos` LIMIT 15) subquery_for_count 
  [1m[36mVideo Load (0.2ms)[0m  [1mSELECT `videos`.* FROM `videos` ORDER BY points DESC LIMIT 15[0m
  Rendered videos/_video_thumbs.html.erb (1.8ms)
  Rendered videos/_video_thumbs.html.erb (0.5ms)
  Rendered videos/_video_thumbs.html.erb (0.5ms)
  Rendered videos/_inner_thumb_set.html.erb (4.1ms)
  Rendered videos/_video_thumbs.html.erb (0.5ms)
  Rendered videos/_video_thumbs.html.erb (0.6ms)
  Rendered videos/_video_thumbs.html.erb (0.4ms)
  Rendered videos/_inner_thumb_set.html.erb (2.6ms)
  Rendered videos/_video_thumbs.html.erb (0.4ms)
  Rendered videos/_inner_thumb_set.html.erb (0.7ms)
  Rendered videos/_scroll.html.erb (10.4ms)
  [1m[35mUser Load (0.2ms)[0m  SELECT `users`.* FROM `users` WHERE `users`.`hasVideo` = 1 ORDER BY points DESC
  Rendered user/_user_thumbs.html.erb (1.2ms)
  Rendered user/_user_thumbs.html.erb (2.1ms)
  [1m[36mUser Load (1.8ms)[0m  [1mSELECT `users`.* FROM `users` WHERE `users`.`hasVideo` = 1 ORDER BY points DESC LIMIT 5[0m
  [1m[35mVideo Load (4.0ms)[0m  SELECT `videos`.* FROM `videos` WHERE `videos`.`user_id` = 1 ORDER BY points DESC
  [1m[36mCACHE (0.0ms)[0m  [1mSELECT `videos`.* FROM `videos` WHERE `videos`.`user_id` = 1 ORDER BY points DESC[0m
  [1m[35mCACHE (0.0ms)[0m  SELECT `videos`.* FROM `videos` WHERE `videos`.`user_id` = 1 ORDER BY points DESC
  Rendered user/_leader.html.erb (8.1ms)
  [1m[36mVideo Load (0.3ms)[0m  [1mSELECT `videos`.* FROM `videos` WHERE `videos`.`user_id` = 4 ORDER BY points DESC[0m
  [1m[35mCACHE (0.0ms)[0m  SELECT `videos`.* FROM `videos` WHERE `videos`.`user_id` = 4 ORDER BY points DESC
  [1m[36mCACHE (0.0ms)[0m  [1mSELECT `videos`.* FROM `videos` WHERE `videos`.`user_id` = 4 ORDER BY points DESC[0m
  Rendered user/_leader.html.erb (4.4ms)
  Rendered layouts/_footer.html.erb (0.3ms)
  Rendered layouts/_leaderboard.html.erb (28.4ms)
  [1m[35mVideo Load (0.2ms)[0m  SELECT `videos`.* FROM `videos` WHERE `videos`.`user_id` = 4
  Rendered user/_id_card.html.erb (1.8ms)
  Rendered user/index.html.erb within layouts/application (53.3ms)
  Rendered layouts/_header.html.erb (1.7ms)
  Rendered user/_profile_form.html.erb (7.0ms)
Completed 200 OK in 83ms (Views: 74.8ms | ActiveRecord: 7.7ms)


Started GET "/assets/application.css?body=1" for 127.0.0.1 at 2012-12-10 18:38:17 -0600
Served asset /application.css - 304 Not Modified (2ms)


Started GET "/assets/user.css?body=1" for 127.0.0.1 at 2012-12-10 18:38:17 -0600
Served asset /user.css - 304 Not Modified (0ms)


Started GET "/assets/sessions.css?body=1" for 127.0.0.1 at 2012-12-10 18:38:17 -0600
Served asset /sessions.css - 304 Not Modified (0ms)


Started GET "/assets/custom.css?body=1" for 127.0.0.1 at 2012-12-10 18:38:17 -0600
Served asset /custom.css - 304 Not Modified (0ms)


Started GET "/assets/jquery.js?body=1" for 127.0.0.1 at 2012-12-10 18:38:17 -0600
Served asset /jquery.js - 304 Not Modified (2ms)


Started GET "/assets/videos.css?body=1" for 127.0.0.1 at 2012-12-10 18:38:17 -0600
Served asset /videos.css - 304 Not Modified (0ms)


Started GET "/assets/jquery.validate.js?body=1" for 127.0.0.1 at 2012-12-10 18:38:17 -0600
Served asset /jquery.validate.js - 304 Not Modified (0ms)


Started GET "/assets/waypoints.min.js?body=1" for 127.0.0.1 at 2012-12-10 18:38:17 -0600
Served asset /waypoints.min.js - 304 Not Modified (0ms)


Started GET "/assets/validations.js?body=1" for 127.0.0.1 at 2012-12-10 18:38:17 -0600
Served asset /validations.js - 304 Not Modified (0ms)


Started GET "/assets/application.js?body=1" for 127.0.0.1 at 2012-12-10 18:38:17 -0600
Served asset /application.js - 304 Not Modified (0ms)


Started GET "/assets/jquery_ujs.js?body=1" for 127.0.0.1 at 2012-12-10 18:38:17 -0600
Served asset /jquery_ujs.js - 304 Not Modified (0ms)


Started GET "/assets/inline.js?body=1" for 127.0.0.1 at 2012-12-10 18:38:17 -0600
Served asset /inline.js - 304 Not Modified (0ms)


Started GET "/assets/upload_button_hover.gif" for 127.0.0.1 at 2012-12-10 18:38:17 -0600
Served asset /upload_button_hover.gif - 404 Not Found (6ms)

ActionController::RoutingError (No route matches [GET] "/assets/upload_button_hover.gif"):
  actionpack (3.2.6) lib/action_dispatch/middleware/debug_exceptions.rb:21:in `call'
  actionpack (3.2.6) lib/action_dispatch/middleware/show_exceptions.rb:56:in `call'
  railties (3.2.6) lib/rails/rack/logger.rb:26:in `call_app'
  railties (3.2.6) lib/rails/rack/logger.rb:16:in `call'
  actionpack (3.2.6) lib/action_dispatch/middleware/request_id.rb:22:in `call'
  rack (1.4.1) lib/rack/methodoverride.rb:21:in `call'
  rack (1.4.1) lib/rack/runtime.rb:17:in `call'
  activesupport (3.2.6) lib/active_support/cache/strategy/local_cache.rb:72:in `call'
  rack (1.4.1) lib/rack/lock.rb:15:in `call'
  actionpack (3.2.6) lib/action_dispatch/middleware/static.rb:62:in `call'
  railties (3.2.6) lib/rails/engine.rb:479:in `call'
  railties (3.2.6) lib/rails/application.rb:220:in `call'
  rack (1.4.1) lib/rack/content_length.rb:14:in `call'
  railties (3.2.6) lib/rails/rack/log_tailer.rb:17:in `call'
  rack (1.4.1) lib/rack/handler/webrick.rb:59:in `service'
  /home/skillex/.rvm/rubies/ruby-1.9.3-p327/lib/ruby/1.9.1/webrick/httpserver.rb:138:in `service'
  /home/skillex/.rvm/rubies/ruby-1.9.3-p327/lib/ruby/1.9.1/webrick/httpserver.rb:94:in `run'
  /home/skillex/.rvm/rubies/ruby-1.9.3-p327/lib/ruby/1.9.1/webrick/server.rb:191:in `block in start_thread'


  Rendered /home/skillex/.rvm/gems/ruby-1.9.3-p327/gems/actionpack-3.2.6/lib/action_dispatch/middleware/templates/rescues/routing_error.erb within rescues/layout (0.6ms)


Started GET "/assets/jquery.validate.js?body=1" for 127.0.0.1 at 2012-12-10 18:38:17 -0600
Served asset /jquery.validate.js - 304 Not Modified (0ms)


Started GET "/assets/avatars/1/thumb/kenny.gif?1353981324" for 127.0.0.1 at 2012-12-10 18:38:17 -0600
Served asset /avatars/1/thumb/kenny.gif - 304 Not Modified (0ms)


Started GET "/assets/avatars/4/medium/cartman.gif?1354296565" for 127.0.0.1 at 2012-12-10 18:38:17 -0600
Served asset /avatars/4/medium/cartman.gif - 304 Not Modified (0ms)


Started GET "/assets/avatars/1/large/kenny.gif?1353981324" for 127.0.0.1 at 2012-12-10 18:38:17 -0600
Served asset /avatars/1/large/kenny.gif - 304 Not Modified (0ms)


Started GET "/assets/avatars/1/medium/kenny.gif?1353981324" for 127.0.0.1 at 2012-12-10 18:38:17 -0600
Served asset /avatars/1/medium/kenny.gif - 304 Not Modified (0ms)


Started GET "/assets/avatars/4/large/cartman.gif?1354296565" for 127.0.0.1 at 2012-12-10 18:38:17 -0600
Served asset /avatars/4/large/cartman.gif - 304 Not Modified (0ms)


Started GET "/assets/header_login_hover.gif" for 127.0.0.1 at 2012-12-10 18:38:17 -0600
Served asset /header_login_hover.gif - 304 Not Modified (0ms)


Started GET "/assets/upload_button_hover.gif" for 127.0.0.1 at 2012-12-10 18:38:17 -0600
Served asset /upload_button_hover.gif - 404 Not Found (2ms)

ActionController::RoutingError (No route matches [GET] "/assets/upload_button_hover.gif"):
  actionpack (3.2.6) lib/action_dispatch/middleware/debug_exceptions.rb:21:in `call'
  actionpack (3.2.6) lib/action_dispatch/middleware/show_exceptions.rb:56:in `call'
  railties (3.2.6) lib/rails/rack/logger.rb:26:in `call_app'
  railties (3.2.6) lib/rails/rack/logger.rb:16:in `call'
  actionpack (3.2.6) lib/action_dispatch/middleware/request_id.rb:22:in `call'
  rack (1.4.1) lib/rack/methodoverride.rb:21:in `call'
  rack (1.4.1) lib/rack/runtime.rb:17:in `call'
  activesupport (3.2.6) lib/active_support/cache/strategy/local_cache.rb:72:in `call'
  rack (1.4.1) lib/rack/lock.rb:15:in `call'
  actionpack (3.2.6) lib/action_dispatch/middleware/static.rb:62:in `call'
  railties (3.2.6) lib/rails/engine.rb:479:in `call'
  railties (3.2.6) lib/rails/application.rb:220:in `call'
  rack (1.4.1) lib/rack/content_length.rb:14:in `call'
  railties (3.2.6) lib/rails/rack/log_tailer.rb:17:in `call'
  rack (1.4.1) lib/rack/handler/webrick.rb:59:in `service'
  /home/skillex/.rvm/rubies/ruby-1.9.3-p327/lib/ruby/1.9.1/webrick/httpserver.rb:138:in `service'
  /home/skillex/.rvm/rubies/ruby-1.9.3-p327/lib/ruby/1.9.1/webrick/httpserver.rb:94:in `run'
  /home/skillex/.rvm/rubies/ruby-1.9.3-p327/lib/ruby/1.9.1/webrick/server.rb:191:in `block in start_thread'


  Rendered /home/skillex/.rvm/gems/ruby-1.9.3-p327/gems/actionpack-3.2.6/lib/action_dispatch/middleware/templates/rescues/routing_error.erb within rescues/layout (0.5ms)


Started GET "/assets/back_hover.gif" for 127.0.0.1 at 2012-12-10 18:38:17 -0600
Served asset /back_hover.gif - 304 Not Modified (0ms)


Started GET "/assets/next_hover.gif" for 127.0.0.1 at 2012-12-10 18:38:17 -0600
Served asset /next_hover.gif - 304 Not Modified (0ms)


Started GET "/assets/header_upload_hover.gif" for 127.0.0.1 at 2012-12-10 18:38:17 -0600
Served asset /header_upload_hover.gif - 304 Not Modified (0ms)


Started GET "/assets/header_leaders_hover.gif" for 127.0.0.1 at 2012-12-10 18:38:17 -0600
Served asset /header_leaders_hover.gif - 304 Not Modified (0ms)


Started GET "/assets/header_logout_hover.gif" for 127.0.0.1 at 2012-12-10 18:38:17 -0600
Served asset /header_logout_hover.gif - 304 Not Modified (0ms)


Started GET "/assets/arrow_mad_hover.gif" for 127.0.0.1 at 2012-12-10 18:38:17 -0600
Served asset /arrow_mad_hover.gif - 304 Not Modified (0ms)


Started GET "/assets/button_hover.gif" for 127.0.0.1 at 2012-12-10 18:38:17 -0600
Served asset /button_hover.gif - 304 Not Modified (0ms)


Started GET "/assets/share_twitter_hover.gif" for 127.0.0.1 at 2012-12-10 18:38:17 -0600
Served asset /share_twitter_hover.gif - 304 Not Modified (0ms)


Started GET "/assets/share_fb_hover.gif" for 127.0.0.1 at 2012-12-10 18:38:17 -0600
Served asset /share_fb_hover.gif - 304 Not Modified (0ms)


Started GET "/assets/arrow_bad_hover.gif" for 127.0.0.1 at 2012-12-10 18:38:17 -0600
Served asset /arrow_bad_hover.gif - 304 Not Modified (0ms)


Started GET "/assets/header_back.gif" for 127.0.0.1 at 2012-12-10 18:38:17 -0600
Served asset /header_back.gif - 304 Not Modified (0ms)


Started GET "/assets/header_logo.gif" for 127.0.0.1 at 2012-12-10 18:38:17 -0600
Served asset /header_logo.gif - 304 Not Modified (0ms)


Started GET "/assets/header_upload.gif" for 127.0.0.1 at 2012-12-10 18:38:17 -0600
Served asset /header_upload.gif - 304 Not Modified (0ms)


Started GET "/assets/header_logout.gif" for 127.0.0.1 at 2012-12-10 18:38:17 -0600
Served asset /header_logout.gif - 304 Not Modified (0ms)


Started GET "/assets/header_leaders.gif" for 127.0.0.1 at 2012-12-10 18:38:17 -0600
Served asset /header_leaders.gif - 304 Not Modified (0ms)


Started GET "/assets/arrow_mad.gif" for 127.0.0.1 at 2012-12-10 18:38:17 -0600
Served asset /arrow_mad.gif - 304 Not Modified (0ms)


Started GET "/assets/back.png" for 127.0.0.1 at 2012-12-10 18:38:17 -0600
Served asset /back.png - 304 Not Modified (0ms)


Started GET "/assets/arrow_bad.gif" for 127.0.0.1 at 2012-12-10 18:38:17 -0600
Served asset /arrow_bad.gif - 304 Not Modified (0ms)


Started GET "/assets/share_fb.gif" for 127.0.0.1 at 2012-12-10 18:38:17 -0600
Served asset /share_fb.gif - 304 Not Modified (0ms)


Started GET "/assets/share_twitter.gif" for 127.0.0.1 at 2012-12-10 18:38:17 -0600
Served asset /share_twitter.gif - 304 Not Modified (0ms)


Started GET "/assets/info_back.gif" for 127.0.0.1 at 2012-12-10 18:38:17 -0600
Served asset /info_back.gif - 304 Not Modified (0ms)


Started GET "/assets/ribbon.png" for 127.0.0.1 at 2012-12-10 18:38:17 -0600
Served asset /ribbon.png - 304 Not Modified (0ms)


Started GET "/assets/back.gif" for 127.0.0.1 at 2012-12-10 18:38:17 -0600
Served asset /back.gif - 304 Not Modified (0ms)


Started GET "/assets/next.gif" for 127.0.0.1 at 2012-12-10 18:38:17 -0600
Served asset /next.gif - 304 Not Modified (0ms)


Started GET "/assets/trans.png" for 127.0.0.1 at 2012-12-10 18:38:17 -0600
Served asset /trans.png - 304 Not Modified (0ms)


Started GET "/assets/all.gif" for 127.0.0.1 at 2012-12-10 18:38:17 -0600
Served asset /all.gif - 304 Not Modified (0ms)


Started GET "/assets/leaderboard_title.gif" for 127.0.0.1 at 2012-12-10 18:38:17 -0600
Served asset /leaderboard_title.gif - 304 Not Modified (0ms)


Started GET "/assets/leaderboard_divider.gif" for 127.0.0.1 at 2012-12-10 18:38:17 -0600
Served asset /leaderboard_divider.gif - 304 Not Modified (0ms)


Started GET "/assets/leaderboard_back.gif" for 127.0.0.1 at 2012-12-10 18:38:17 -0600
Served asset /leaderboard_back.gif - 304 Not Modified (0ms)


Started GET "/assets/leaderboard_back_bottom.gif" for 127.0.0.1 at 2012-12-10 18:38:17 -0600
Served asset /leaderboard_back_bottom.gif - 304 Not Modified (0ms)


Started GET "/assets/leaderboard_back_left.gif" for 127.0.0.1 at 2012-12-10 18:38:17 -0600
Served asset /leaderboard_back_left.gif - 304 Not Modified (0ms)


Started GET "/assets/leaderboard_back_right.gif" for 127.0.0.1 at 2012-12-10 18:38:17 -0600
Served asset /leaderboard_back_right.gif - 304 Not Modified (0ms)


Started POST "/vid_swap?video=8" for 127.0.0.1 at 2012-12-10 18:38:23 -0600
Processing by VideosController#vid_swap as JS
  Parameters: {"video"=>"8"}
  [1m[36mVideo Load (0.7ms)[0m  [1mSELECT `videos`.* FROM `videos` WHERE `videos`.`id` = 8 LIMIT 1[0m
  [1m[35mUser Load (0.6ms)[0m  SELECT `users`.* FROM `users` WHERE `users`.`remember_token` = '91460c0185da9ed37de98640d78506ac' LIMIT 1
  [1m[36mVotes Load (4.7ms)[0m  [1mSELECT `votes`.* FROM `votes` WHERE (user_id = 1 AND video_id = 8)[0m
  [1m[35mCACHE (0.0ms)[0m  SELECT `votes`.* FROM `votes` WHERE (user_id = 1 AND video_id = 8)
  [1m[36mCACHE (0.0ms)[0m  [1mSELECT `votes`.* FROM `votes` WHERE (user_id = 1 AND video_id = 8)[0m
  [1m[35mCACHE (0.0ms)[0m  SELECT `votes`.* FROM `votes` WHERE (user_id = 1 AND video_id = 8)
  Rendered videos/_voter.html.erb (10.3ms)
  [1m[36mUser Load (1.7ms)[0m  [1mSELECT `users`.* FROM `users` WHERE `users`.`id` = 5 LIMIT 1[0m
  Rendered videos/_vidplayer.html.erb (28.3ms)
  Rendered videos/vid_swap.js.erb (36.5ms)
Completed 200 OK in 52ms (Views: 38.1ms | ActiveRecord: 7.8ms)


Started GET "/assets/avatars/5/thumb/kenny.gif?1353179250" for 127.0.0.1 at 2012-12-10 18:38:23 -0600
Served asset /avatars/5/thumb/kenny.gif - 200 OK (3ms)


Started GET "/" for 127.0.0.1 at 2012-12-11 19:46:09 -0600
Processing by UserController#index as HTML
  [1m[35mVideo Load (0.8ms)[0m  SELECT `videos`.* FROM `videos` ORDER BY points DESC
  [1m[36mUser Load (0.1ms)[0m  [1mSELECT `users`.* FROM `users` WHERE `users`.`remember_token` = '91460c0185da9ed37de98640d78506ac' LIMIT 1[0m
  [1m[35mVotes Load (0.1ms)[0m  SELECT `votes`.* FROM `votes` WHERE (user_id = 1 AND video_id = 3)
  [1m[36mCACHE (0.0ms)[0m  [1mSELECT `votes`.* FROM `votes` WHERE (user_id = 1 AND video_id = 3)[0m
  [1m[35mCACHE (0.0ms)[0m  SELECT `votes`.* FROM `votes` WHERE (user_id = 1 AND video_id = 3)
  [1m[36mCACHE (0.0ms)[0m  [1mSELECT `votes`.* FROM `votes` WHERE (user_id = 1 AND video_id = 3)[0m
  Rendered videos/_voter.html.erb (7.4ms)
  [1m[35mUser Load (0.1ms)[0m  SELECT `users`.* FROM `users` WHERE `users`.`id` = 1 LIMIT 1
  Rendered videos/_vidplayer.html.erb (14.5ms)
  [1m[36m (0.1ms)[0m  [1mSELECT COUNT(count_column) FROM (SELECT 1 AS count_column FROM `videos` LIMIT 15) subquery_for_count [0m
  [1m[35mCACHE (0.0ms)[0m  SELECT COUNT(count_column) FROM (SELECT 1 AS count_column FROM `videos` LIMIT 15) subquery_for_count 
  [1m[36mCACHE (0.0ms)[0m  [1mSELECT COUNT(count_column) FROM (SELECT 1 AS count_column FROM `videos` LIMIT 15) subquery_for_count [0m
  [1m[35mVideo Load (0.1ms)[0m  SELECT `videos`.* FROM `videos` ORDER BY points DESC LIMIT 15
  Rendered videos/_video_thumbs.html.erb (1.9ms)
  Rendered videos/_video_thumbs.html.erb (0.6ms)
  Rendered videos/_video_thumbs.html.erb (0.7ms)
  Rendered videos/_inner_thumb_set.html.erb (4.8ms)
  Rendered videos/_video_thumbs.html.erb (0.5ms)
  Rendered videos/_video_thumbs.html.erb (0.6ms)
  Rendered videos/_video_thumbs.html.erb (0.5ms)
  Rendered videos/_inner_thumb_set.html.erb (2.7ms)
  Rendered videos/_video_thumbs.html.erb (0.5ms)
  Rendered videos/_inner_thumb_set.html.erb (0.9ms)
  Rendered videos/_scroll.html.erb (11.4ms)
  [1m[36mUser Load (0.1ms)[0m  [1mSELECT `users`.* FROM `users` WHERE `users`.`hasVideo` = 1 ORDER BY points DESC[0m
  Rendered user/_user_thumbs.html.erb (1.5ms)
  Rendered user/_user_thumbs.html.erb (1.2ms)
  [1m[35mUser Load (0.1ms)[0m  SELECT `users`.* FROM `users` WHERE `users`.`hasVideo` = 1 ORDER BY points DESC LIMIT 5
  [1m[36mVideo Load (0.1ms)[0m  [1mSELECT `videos`.* FROM `videos` WHERE `videos`.`user_id` = 1 ORDER BY points DESC[0m
  [1m[35mCACHE (0.0ms)[0m  SELECT `videos`.* FROM `videos` WHERE `videos`.`user_id` = 1 ORDER BY points DESC
  [1m[36mCACHE (0.0ms)[0m  [1mSELECT `videos`.* FROM `videos` WHERE `videos`.`user_id` = 1 ORDER BY points DESC[0m
  Rendered user/_leader.html.erb (4.2ms)
  [1m[35mVideo Load (0.1ms)[0m  SELECT `videos`.* FROM `videos` WHERE `videos`.`user_id` = 4 ORDER BY points DESC
  [1m[36mCACHE (0.0ms)[0m  [1mSELECT `videos`.* FROM `videos` WHERE `videos`.`user_id` = 4 ORDER BY points DESC[0m
  [1m[35mCACHE (0.0ms)[0m  SELECT `videos`.* FROM `videos` WHERE `videos`.`user_id` = 4 ORDER BY points DESC
  Rendered user/_leader.html.erb (3.6ms)
  Rendered layouts/_footer.html.erb (0.6ms)
  Rendered layouts/_leaderboard.html.erb (15.7ms)
  [1m[36mVideo Load (0.1ms)[0m  [1mSELECT `videos`.* FROM `videos` WHERE `videos`.`user_id` = 4[0m
  Rendered user/_id_card.html.erb (1.8ms)
  Rendered user/index.html.erb within layouts/application (155.7ms)
  Rendered layouts/_header.html.erb (1.4ms)
  Rendered user/_profile_form.html.erb (1.5ms)
Completed 200 OK in 183ms (Views: 178.7ms | ActiveRecord: 1.8ms)


Started GET "/assets/application.css?body=1" for 127.0.0.1 at 2012-12-11 19:46:09 -0600
Served asset /application.css - 304 Not Modified (0ms)


Started GET "/assets/jquery.js?body=1" for 127.0.0.1 at 2012-12-11 19:46:09 -0600
Served asset /jquery.js - 304 Not Modified (1ms)


Started GET "/assets/videos.css?body=1" for 127.0.0.1 at 2012-12-11 19:46:09 -0600
Served asset /videos.css - 304 Not Modified (0ms)


Started GET "/assets/jquery.validate.js?body=1" for 127.0.0.1 at 2012-12-11 19:46:09 -0600
Served asset /jquery.validate.js - 304 Not Modified (4ms)


Started GET "/assets/sessions.css?body=1" for 127.0.0.1 at 2012-12-11 19:46:10 -0600
Served asset /sessions.css - 304 Not Modified (0ms)


Started GET "/assets/custom.css?body=1" for 127.0.0.1 at 2012-12-11 19:46:10 -0600
Served asset /custom.css - 304 Not Modified (0ms)


Started GET "/assets/user.css?body=1" for 127.0.0.1 at 2012-12-11 19:46:10 -0600
Served asset /user.css - 304 Not Modified (0ms)


Started GET "/assets/validations.js?body=1" for 127.0.0.1 at 2012-12-11 19:46:10 -0600
Served asset /validations.js - 304 Not Modified (0ms)


Started GET "/assets/jquery_ujs.js?body=1" for 127.0.0.1 at 2012-12-11 19:46:10 -0600
Served asset /jquery_ujs.js - 304 Not Modified (0ms)


Started GET "/assets/application.js?body=1" for 127.0.0.1 at 2012-12-11 19:46:10 -0600
Served asset /application.js - 304 Not Modified (0ms)


Started GET "/assets/waypoints.min.js?body=1" for 127.0.0.1 at 2012-12-11 19:46:10 -0600
Served asset /waypoints.min.js - 304 Not Modified (0ms)


Started GET "/assets/inline.js?body=1" for 127.0.0.1 at 2012-12-11 19:46:10 -0600
Served asset /inline.js - 304 Not Modified (0ms)


Started GET "/assets/avatars/1/thumb/kenny.gif?1353981324" for 127.0.0.1 at 2012-12-11 19:46:10 -0600
Served asset /avatars/1/thumb/kenny.gif - 304 Not Modified (0ms)


Started GET "/assets/avatars/1/medium/kenny.gif?1353981324" for 127.0.0.1 at 2012-12-11 19:46:10 -0600
Served asset /avatars/1/medium/kenny.gif - 304 Not Modified (0ms)


Started GET "/assets/avatars/4/medium/cartman.gif?1354296565" for 127.0.0.1 at 2012-12-11 19:46:10 -0600
Served asset /avatars/4/medium/cartman.gif - 304 Not Modified (0ms)


Started GET "/assets/avatars/1/large/kenny.gif?1353981324" for 127.0.0.1 at 2012-12-11 19:46:10 -0600
Served asset /avatars/1/large/kenny.gif - 304 Not Modified (0ms)


Started GET "/assets/header_upload_hover.gif" for 127.0.0.1 at 2012-12-11 19:46:10 -0600
Served asset /header_upload_hover.gif - 304 Not Modified (0ms)


Started GET "/assets/header_login_hover.gif" for 127.0.0.1 at 2012-12-11 19:46:10 -0600
Served asset /header_login_hover.gif - 304 Not Modified (0ms)


Started GET "/assets/avatars/4/large/cartman.gif?1354296565" for 127.0.0.1 at 2012-12-11 19:46:10 -0600
Served asset /avatars/4/large/cartman.gif - 304 Not Modified (0ms)


Started GET "/assets/header_logout_hover.gif" for 127.0.0.1 at 2012-12-11 19:46:10 -0600
Served asset /header_logout_hover.gif - 304 Not Modified (0ms)


Started GET "/assets/header_leaders_hover.gif" for 127.0.0.1 at 2012-12-11 19:46:10 -0600
Served asset /header_leaders_hover.gif - 304 Not Modified (0ms)


Started GET "/assets/next_hover.gif" for 127.0.0.1 at 2012-12-11 19:46:10 -0600
Served asset /next_hover.gif - 304 Not Modified (0ms)


Started GET "/assets/back_hover.gif" for 127.0.0.1 at 2012-12-11 19:46:10 -0600
Served asset /back_hover.gif - 304 Not Modified (0ms)


Started GET "/assets/upload_button_hover.gif" for 127.0.0.1 at 2012-12-11 19:46:10 -0600
Served asset /upload_button_hover.gif - 404 Not Found (3ms)

ActionController::RoutingError (No route matches [GET] "/assets/upload_button_hover.gif"):
  actionpack (3.2.6) lib/action_dispatch/middleware/debug_exceptions.rb:21:in `call'
  actionpack (3.2.6) lib/action_dispatch/middleware/show_exceptions.rb:56:in `call'
  railties (3.2.6) lib/rails/rack/logger.rb:26:in `call_app'
  railties (3.2.6) lib/rails/rack/logger.rb:16:in `call'
  actionpack (3.2.6) lib/action_dispatch/middleware/request_id.rb:22:in `call'
  rack (1.4.1) lib/rack/methodoverride.rb:21:in `call'
  rack (1.4.1) lib/rack/runtime.rb:17:in `call'
  activesupport (3.2.6) lib/active_support/cache/strategy/local_cache.rb:72:in `call'
  rack (1.4.1) lib/rack/lock.rb:15:in `call'
  actionpack (3.2.6) lib/action_dispatch/middleware/static.rb:62:in `call'
  railties (3.2.6) lib/rails/engine.rb:479:in `call'
  railties (3.2.6) lib/rails/application.rb:220:in `call'
  rack (1.4.1) lib/rack/content_length.rb:14:in `call'
  railties (3.2.6) lib/rails/rack/log_tailer.rb:17:in `call'
  rack (1.4.1) lib/rack/handler/webrick.rb:59:in `service'
  /home/skillex/.rvm/rubies/ruby-1.9.3-p327/lib/ruby/1.9.1/webrick/httpserver.rb:138:in `service'
  /home/skillex/.rvm/rubies/ruby-1.9.3-p327/lib/ruby/1.9.1/webrick/httpserver.rb:94:in `run'
  /home/skillex/.rvm/rubies/ruby-1.9.3-p327/lib/ruby/1.9.1/webrick/server.rb:191:in `block in start_thread'


  Rendered /home/skillex/.rvm/gems/ruby-1.9.3-p327/gems/actionpack-3.2.6/lib/action_dispatch/middleware/templates/rescues/routing_error.erb within rescues/layout (1.2ms)


Started GET "/assets/button_hover.gif" for 127.0.0.1 at 2012-12-11 19:46:10 -0600
Served asset /button_hover.gif - 304 Not Modified (0ms)


Started GET "/assets/arrow_bad_hover.gif" for 127.0.0.1 at 2012-12-11 19:46:10 -0600
Served asset /arrow_bad_hover.gif - 304 Not Modified (0ms)


Started GET "/assets/arrow_mad_hover.gif" for 127.0.0.1 at 2012-12-11 19:46:10 -0600
Served asset /arrow_mad_hover.gif - 304 Not Modified (0ms)


Started GET "/assets/share_twitter_hover.gif" for 127.0.0.1 at 2012-12-11 19:46:10 -0600
Served asset /share_twitter_hover.gif - 304 Not Modified (0ms)


Started GET "/assets/share_fb_hover.gif" for 127.0.0.1 at 2012-12-11 19:46:10 -0600
Served asset /share_fb_hover.gif - 304 Not Modified (0ms)


Started GET "/assets/jquery.validate.js?body=1" for 127.0.0.1 at 2012-12-11 19:46:10 -0600
Served asset /jquery.validate.js - 304 Not Modified (0ms)


Started GET "/assets/upload_button_hover.gif" for 127.0.0.1 at 2012-12-11 19:46:10 -0600
Served asset /upload_button_hover.gif - 404 Not Found (2ms)

ActionController::RoutingError (No route matches [GET] "/assets/upload_button_hover.gif"):
  actionpack (3.2.6) lib/action_dispatch/middleware/debug_exceptions.rb:21:in `call'
  actionpack (3.2.6) lib/action_dispatch/middleware/show_exceptions.rb:56:in `call'
  railties (3.2.6) lib/rails/rack/logger.rb:26:in `call_app'
  railties (3.2.6) lib/rails/rack/logger.rb:16:in `call'
  actionpack (3.2.6) lib/action_dispatch/middleware/request_id.rb:22:in `call'
  rack (1.4.1) lib/rack/methodoverride.rb:21:in `call'
  rack (1.4.1) lib/rack/runtime.rb:17:in `call'
  activesupport (3.2.6) lib/active_support/cache/strategy/local_cache.rb:72:in `call'
  rack (1.4.1) lib/rack/lock.rb:15:in `call'
  actionpack (3.2.6) lib/action_dispatch/middleware/static.rb:62:in `call'
  railties (3.2.6) lib/rails/engine.rb:479:in `call'
  railties (3.2.6) lib/rails/application.rb:220:in `call'
  rack (1.4.1) lib/rack/content_length.rb:14:in `call'
  railties (3.2.6) lib/rails/rack/log_tailer.rb:17:in `call'
  rack (1.4.1) lib/rack/handler/webrick.rb:59:in `service'
  /home/skillex/.rvm/rubies/ruby-1.9.3-p327/lib/ruby/1.9.1/webrick/httpserver.rb:138:in `service'
  /home/skillex/.rvm/rubies/ruby-1.9.3-p327/lib/ruby/1.9.1/webrick/httpserver.rb:94:in `run'
  /home/skillex/.rvm/rubies/ruby-1.9.3-p327/lib/ruby/1.9.1/webrick/server.rb:191:in `block in start_thread'


  Rendered /home/skillex/.rvm/gems/ruby-1.9.3-p327/gems/actionpack-3.2.6/lib/action_dispatch/middleware/templates/rescues/routing_error.erb within rescues/layout (0.5ms)


Started GET "/assets/header_back.gif" for 127.0.0.1 at 2012-12-11 19:46:10 -0600
Served asset /header_back.gif - 304 Not Modified (0ms)


Started GET "/assets/back.png" for 127.0.0.1 at 2012-12-11 19:46:10 -0600
Served asset /back.png - 304 Not Modified (0ms)


Started GET "/assets/header_upload.gif" for 127.0.0.1 at 2012-12-11 19:46:10 -0600
Served asset /header_upload.gif - 304 Not Modified (0ms)


Started GET "/assets/header_logout.gif" for 127.0.0.1 at 2012-12-11 19:46:10 -0600
Served asset /header_logout.gif - 304 Not Modified (0ms)


Started GET "/assets/header_leaders.gif" for 127.0.0.1 at 2012-12-11 19:46:10 -0600
Served asset /header_leaders.gif - 304 Not Modified (0ms)


Started GET "/assets/arrow_mad.gif" for 127.0.0.1 at 2012-12-11 19:46:10 -0600
Served asset /arrow_mad.gif - 304 Not Modified (0ms)


Started GET "/assets/header_logo.gif" for 127.0.0.1 at 2012-12-11 19:46:10 -0600
Served asset /header_logo.gif - 304 Not Modified (0ms)


Started GET "/assets/info_back.gif" for 127.0.0.1 at 2012-12-11 19:46:10 -0600
Served asset /info_back.gif - 304 Not Modified (0ms)


Started GET "/assets/arrow_bad.gif" for 127.0.0.1 at 2012-12-11 19:46:10 -0600
Served asset /arrow_bad.gif - 304 Not Modified (0ms)


Started GET "/assets/share_fb.gif" for 127.0.0.1 at 2012-12-11 19:46:10 -0600
Served asset /share_fb.gif - 304 Not Modified (0ms)


Started GET "/assets/ribbon.png" for 127.0.0.1 at 2012-12-11 19:46:10 -0600
Served asset /ribbon.png - 304 Not Modified (0ms)


Started GET "/assets/back.gif" for 127.0.0.1 at 2012-12-11 19:46:10 -0600
Served asset /back.gif - 304 Not Modified (0ms)


Started GET "/assets/share_twitter.gif" for 127.0.0.1 at 2012-12-11 19:46:10 -0600
Served asset /share_twitter.gif - 304 Not Modified (0ms)


Started GET "/assets/leaderboard_title.gif" for 127.0.0.1 at 2012-12-11 19:46:10 -0600
Served asset /leaderboard_title.gif - 304 Not Modified (0ms)


Started GET "/assets/next.gif" for 127.0.0.1 at 2012-12-11 19:46:10 -0600
Served asset /next.gif - 304 Not Modified (0ms)


Started GET "/assets/leaderboard_divider.gif" for 127.0.0.1 at 2012-12-11 19:46:10 -0600
Served asset /leaderboard_divider.gif - 304 Not Modified (0ms)


Started GET "/assets/leaderboard_back.gif" for 127.0.0.1 at 2012-12-11 19:46:10 -0600
Served asset /leaderboard_back.gif - 304 Not Modified (0ms)


Started GET "/assets/trans.png" for 127.0.0.1 at 2012-12-11 19:46:10 -0600
Served asset /trans.png - 304 Not Modified (0ms)


Started GET "/assets/all.gif" for 127.0.0.1 at 2012-12-11 19:46:10 -0600
Served asset /all.gif - 304 Not Modified (0ms)


Started GET "/assets/leaderboard_back_bottom.gif" for 127.0.0.1 at 2012-12-11 19:46:10 -0600
Served asset /leaderboard_back_bottom.gif - 304 Not Modified (0ms)


Started GET "/assets/leaderboard_back_left.gif" for 127.0.0.1 at 2012-12-11 19:46:10 -0600
Served asset /leaderboard_back_left.gif - 304 Not Modified (0ms)


Started GET "/assets/leaderboard_back_right.gif" for 127.0.0.1 at 2012-12-11 19:46:10 -0600
Served asset /leaderboard_back_right.gif - 304 Not Modified (0ms)


Started GET "/assets/backtotop.png" for 127.0.0.1 at 2012-12-11 19:46:35 -0600
Served asset /backtotop.png - 304 Not Modified (0ms)


Started GET "/assets/black_arrow_bottom.png" for 127.0.0.1 at 2012-12-11 19:46:37 -0600
Served asset /black_arrow_bottom.png - 200 OK (52ms)


Started GET "/vid_bank?user_id=1" for 127.0.0.1 at 2012-12-11 19:46:41 -0600
Processing by VideosController#vid_bank as JS
  Parameters: {"user_id"=>"1"}
  [1m[35mUser Load (1.9ms)[0m  SELECT `users`.* FROM `users` WHERE `users`.`id` = 1 LIMIT 1
  [1m[36mVideo Load (0.1ms)[0m  [1mSELECT `videos`.* FROM `videos` WHERE `videos`.`user_id` = 1 ORDER BY points DESC[0m
  Rendered videos/_video_thumbs.html.erb (4.2ms)
  Rendered videos/_inner_thumb_set.html.erb (5.1ms)
  Rendered videos/_scroll.html.erb (6.0ms)
  [1m[35mUser Load (0.1ms)[0m  SELECT `users`.* FROM `users` WHERE `users`.`remember_token` = '91460c0185da9ed37de98640d78506ac' LIMIT 1
  [1m[36mVotes Load (0.1ms)[0m  [1mSELECT `votes`.* FROM `votes` WHERE (user_id = 1 AND video_id = 3)[0m
  [1m[35mCACHE (0.0ms)[0m  SELECT `votes`.* FROM `votes` WHERE (user_id = 1 AND video_id = 3)
  [1m[36mCACHE (0.0ms)[0m  [1mSELECT `votes`.* FROM `votes` WHERE (user_id = 1 AND video_id = 3)[0m
  [1m[35mCACHE (0.0ms)[0m  SELECT `votes`.* FROM `votes` WHERE (user_id = 1 AND video_id = 3)
  Rendered videos/_voter.html.erb (2.1ms)
  [1m[36mCACHE (0.0ms)[0m  [1mSELECT `users`.* FROM `users` WHERE `users`.`id` = 1 LIMIT 1[0m
  Rendered videos/_vidplayer.html.erb (6.9ms)
  Rendered videos/vid_bank.js.erb (14.8ms)
Completed 200 OK in 21ms (Views: 16.1ms | ActiveRecord: 2.2ms)


Started GET "/vid_bank" for 127.0.0.1 at 2012-12-11 19:46:45 -0600
Processing by VideosController#vid_bank as JS
  [1m[35mVideo Load (0.4ms)[0m  SELECT `videos`.* FROM `videos` ORDER BY points DESC LIMIT 15
  Rendered videos/_video_thumbs.html.erb (0.7ms)
  Rendered videos/_video_thumbs.html.erb (0.4ms)
  Rendered videos/_video_thumbs.html.erb (0.4ms)
  Rendered videos/_inner_thumb_set.html.erb (2.8ms)
  Rendered videos/_video_thumbs.html.erb (0.6ms)
  Rendered videos/_video_thumbs.html.erb (1.2ms)
  Rendered videos/_video_thumbs.html.erb (0.5ms)
  Rendered videos/_inner_thumb_set.html.erb (4.5ms)
  Rendered videos/_video_thumbs.html.erb (0.5ms)
  Rendered videos/_inner_thumb_set.html.erb (0.9ms)
  Rendered videos/_scroll.html.erb (12.0ms)
  [1m[36mUser Load (0.1ms)[0m  [1mSELECT `users`.* FROM `users` WHERE `users`.`remember_token` = '91460c0185da9ed37de98640d78506ac' LIMIT 1[0m
  [1m[35mVotes Load (0.1ms)[0m  SELECT `votes`.* FROM `votes` WHERE (user_id = 1 AND video_id = 3)
  [1m[36mCACHE (0.0ms)[0m  [1mSELECT `votes`.* FROM `votes` WHERE (user_id = 1 AND video_id = 3)[0m
  [1m[35mCACHE (0.0ms)[0m  SELECT `votes`.* FROM `votes` WHERE (user_id = 1 AND video_id = 3)
  [1m[36mCACHE (0.0ms)[0m  [1mSELECT `votes`.* FROM `votes` WHERE (user_id = 1 AND video_id = 3)[0m
  Rendered videos/_voter.html.erb (2.3ms)
  [1m[35mUser Load (0.1ms)[0m  SELECT `users`.* FROM `users` WHERE `users`.`id` = 1 LIMIT 1
  Rendered videos/_vidplayer.html.erb (5.3ms)
  Rendered videos/vid_bank.js.erb (18.8ms)
Completed 200 OK in 22ms (Views: 19.8ms | ActiveRecord: 0.7ms)


Started GET "/vid_bank?user_id=1" for 127.0.0.1 at 2012-12-11 19:48:15 -0600
Processing by VideosController#vid_bank as JS
  Parameters: {"user_id"=>"1"}
  [1m[36mUser Load (0.1ms)[0m  [1mSELECT `users`.* FROM `users` WHERE `users`.`id` = 1 LIMIT 1[0m
  [1m[35mVideo Load (0.1ms)[0m  SELECT `videos`.* FROM `videos` WHERE `videos`.`user_id` = 1 ORDER BY points DESC
  Rendered videos/_video_thumbs.html.erb (0.9ms)
  Rendered videos/_inner_thumb_set.html.erb (1.5ms)
  Rendered videos/_scroll.html.erb (2.0ms)
  [1m[36mUser Load (0.1ms)[0m  [1mSELECT `users`.* FROM `users` WHERE `users`.`remember_token` = '91460c0185da9ed37de98640d78506ac' LIMIT 1[0m
  [1m[35mVotes Load (0.1ms)[0m  SELECT `votes`.* FROM `votes` WHERE (user_id = 1 AND video_id = 3)
  [1m[36mCACHE (0.0ms)[0m  [1mSELECT `votes`.* FROM `votes` WHERE (user_id = 1 AND video_id = 3)[0m
  [1m[35mCACHE (0.0ms)[0m  SELECT `votes`.* FROM `votes` WHERE (user_id = 1 AND video_id = 3)
  [1m[36mCACHE (0.0ms)[0m  [1mSELECT `votes`.* FROM `votes` WHERE (user_id = 1 AND video_id = 3)[0m
  Rendered videos/_voter.html.erb (2.1ms)
  [1m[35mCACHE (0.0ms)[0m  SELECT `users`.* FROM `users` WHERE `users`.`id` = 1 LIMIT 1
  Rendered videos/_vidplayer.html.erb (4.7ms)
  Rendered videos/vid_bank.js.erb (8.1ms)
Completed 200 OK in 13ms (Views: 9.5ms | ActiveRecord: 0.4ms)


Started GET "/vid_bank" for 127.0.0.1 at 2012-12-11 19:48:16 -0600
Processing by VideosController#vid_bank as JS
  [1m[36mVideo Load (0.5ms)[0m  [1mSELECT `videos`.* FROM `videos` ORDER BY points DESC LIMIT 15[0m
  Rendered videos/_video_thumbs.html.erb (0.8ms)
  Rendered videos/_video_thumbs.html.erb (0.5ms)
  Rendered videos/_video_thumbs.html.erb (0.5ms)
  Rendered videos/_inner_thumb_set.html.erb (3.1ms)
  Rendered videos/_video_thumbs.html.erb (0.4ms)
  Rendered videos/_video_thumbs.html.erb (0.4ms)
  Rendered videos/_video_thumbs.html.erb (0.5ms)
  Rendered videos/_inner_thumb_set.html.erb (2.5ms)
  Rendered videos/_video_thumbs.html.erb (26.5ms)
  Rendered videos/_inner_thumb_set.html.erb (27.1ms)
  Rendered videos/_scroll.html.erb (34.0ms)
  [1m[35mUser Load (0.1ms)[0m  SELECT `users`.* FROM `users` WHERE `users`.`remember_token` = '91460c0185da9ed37de98640d78506ac' LIMIT 1
  [1m[36mVotes Load (0.1ms)[0m  [1mSELECT `votes`.* FROM `votes` WHERE (user_id = 1 AND video_id = 3)[0m
  [1m[35mCACHE (0.0ms)[0m  SELECT `votes`.* FROM `votes` WHERE (user_id = 1 AND video_id = 3)
  [1m[36mCACHE (0.0ms)[0m  [1mSELECT `votes`.* FROM `votes` WHERE (user_id = 1 AND video_id = 3)[0m
  [1m[35mCACHE (0.0ms)[0m  SELECT `votes`.* FROM `votes` WHERE (user_id = 1 AND video_id = 3)
  Rendered videos/_voter.html.erb (2.3ms)
  [1m[36mUser Load (0.1ms)[0m  [1mSELECT `users`.* FROM `users` WHERE `users`.`id` = 1 LIMIT 1[0m
  Rendered videos/_vidplayer.html.erb (6.3ms)
  Rendered videos/vid_bank.js.erb (42.6ms)
Completed 200 OK in 48ms (Views: 45.0ms | ActiveRecord: 0.8ms)


Started GET "/vid_bank?user_id=1" for 127.0.0.1 at 2012-12-11 19:48:18 -0600
Processing by VideosController#vid_bank as JS
  Parameters: {"user_id"=>"1"}
  [1m[35mUser Load (0.4ms)[0m  SELECT `users`.* FROM `users` WHERE `users`.`id` = 1 LIMIT 1
  [1m[36mVideo Load (0.1ms)[0m  [1mSELECT `videos`.* FROM `videos` WHERE `videos`.`user_id` = 1 ORDER BY points DESC[0m
  Rendered videos/_video_thumbs.html.erb (1.0ms)
  Rendered videos/_inner_thumb_set.html.erb (1.6ms)
  Rendered videos/_scroll.html.erb (2.2ms)
  [1m[35mUser Load (0.1ms)[0m  SELECT `users`.* FROM `users` WHERE `users`.`remember_token` = '91460c0185da9ed37de98640d78506ac' LIMIT 1
  [1m[36mVotes Load (0.1ms)[0m  [1mSELECT `votes`.* FROM `votes` WHERE (user_id = 1 AND video_id = 3)[0m
  [1m[35mCACHE (0.0ms)[0m  SELECT `votes`.* FROM `votes` WHERE (user_id = 1 AND video_id = 3)
  [1m[36mCACHE (0.0ms)[0m  [1mSELECT `votes`.* FROM `votes` WHERE (user_id = 1 AND video_id = 3)[0m
  [1m[35mCACHE (0.0ms)[0m  SELECT `votes`.* FROM `votes` WHERE (user_id = 1 AND video_id = 3)
  Rendered videos/_voter.html.erb (2.6ms)
  [1m[36mCACHE (0.0ms)[0m  [1mSELECT `users`.* FROM `users` WHERE `users`.`id` = 1 LIMIT 1[0m
  Rendered videos/_vidplayer.html.erb (6.1ms)
  Rendered videos/vid_bank.js.erb (10.0ms)
Completed 200 OK in 17ms (Views: 11.5ms | ActiveRecord: 0.8ms)


Started GET "/vid_bank" for 127.0.0.1 at 2012-12-11 19:48:18 -0600
Processing by VideosController#vid_bank as JS
  [1m[35mVideo Load (0.4ms)[0m  SELECT `videos`.* FROM `videos` ORDER BY points DESC LIMIT 15
  Rendered videos/_video_thumbs.html.erb (0.8ms)
  Rendered videos/_video_thumbs.html.erb (0.4ms)
  Rendered videos/_video_thumbs.html.erb (0.5ms)
  Rendered videos/_inner_thumb_set.html.erb (3.5ms)
  Rendered videos/_video_thumbs.html.erb (0.4ms)
  Rendered videos/_video_thumbs.html.erb (0.4ms)
  Rendered videos/_video_thumbs.html.erb (0.5ms)
  Rendered videos/_inner_thumb_set.html.erb (2.5ms)
  Rendered videos/_video_thumbs.html.erb (0.4ms)
  Rendered videos/_inner_thumb_set.html.erb (0.8ms)
  Rendered videos/_scroll.html.erb (8.0ms)
  [1m[36mUser Load (0.1ms)[0m  [1mSELECT `users`.* FROM `users` WHERE `users`.`remember_token` = '91460c0185da9ed37de98640d78506ac' LIMIT 1[0m
  [1m[35mVotes Load (0.1ms)[0m  SELECT `votes`.* FROM `votes` WHERE (user_id = 1 AND video_id = 3)
  [1m[36mCACHE (0.0ms)[0m  [1mSELECT `votes`.* FROM `votes` WHERE (user_id = 1 AND video_id = 3)[0m
  [1m[35mCACHE (0.0ms)[0m  SELECT `votes`.* FROM `votes` WHERE (user_id = 1 AND video_id = 3)
  [1m[36mCACHE (0.0ms)[0m  [1mSELECT `votes`.* FROM `votes` WHERE (user_id = 1 AND video_id = 3)[0m
  Rendered videos/_voter.html.erb (1.9ms)
  [1m[35mUser Load (0.1ms)[0m  SELECT `users`.* FROM `users` WHERE `users`.`id` = 1 LIMIT 1
  Rendered videos/_vidplayer.html.erb (4.7ms)
  Rendered videos/vid_bank.js.erb (14.1ms)
Completed 200 OK in 18ms (Views: 16.0ms | ActiveRecord: 0.7ms)
