Compiled jquery.js  (1ms)  (pid 16675)
Compiled jquery.validate.js  (0ms)  (pid 16675)
Compiled jquery_ujs.js  (0ms)  (pid 16675)
Compiled application.js  (52ms)  (pid 16675)
Compiled custom.css  (195ms)  (pid 16675)
Compiled sessions.css  (5ms)  (pid 16675)
Compiled user.css  (1ms)  (pid 16675)
Compiled videos.css  (1ms)  (pid 16675)
Compiled application.css  (260ms)  (pid 16675)
Compiled jquery.js  (27ms)  (pid 16675)
Compiled jquery.validate.js  (1ms)  (pid 16675)
Compiled jquery_ujs.js  (0ms)  (pid 16675)
Compiled application.js  (86ms)  (pid 16675)
Compiled custom.css  (198ms)  (pid 16675)
Compiled sessions.css  (5ms)  (pid 16675)
Compiled user.css  (0ms)  (pid 16675)
Compiled videos.css  (0ms)  (pid 16675)
Compiled application.css  (216ms)  (pid 16675)
Compiled jquery.js  (1ms)  (pid 16804)
Compiled jquery.validate.js  (0ms)  (pid 16804)
Compiled jquery_ujs.js  (0ms)  (pid 16804)
Compiled application.js  (41ms)  (pid 16804)
Compiled custom.css  (199ms)  (pid 16804)
Compiled sessions.css  (7ms)  (pid 16804)
Compiled user.css  (0ms)  (pid 16804)
Compiled videos.css  (0ms)  (pid 16804)
Compiled application.css  (220ms)  (pid 16804)
Compiled jquery.js  (30ms)  (pid 16804)
Compiled jquery.validate.js  (0ms)  (pid 16804)
Compiled jquery_ujs.js  (0ms)  (pid 16804)
Compiled application.js  (75ms)  (pid 16804)
Compiled custom.css  (207ms)  (pid 16804)
Compiled sessions.css  (5ms)  (pid 16804)
Compiled user.css  (1ms)  (pid 16804)
Compiled videos.css  (0ms)  (pid 16804)
Compiled application.css  (245ms)  (pid 16804)
Compiled jquery.js  (2ms)  (pid 18145)
Compiled jquery.validate.js  (0ms)  (pid 18145)
Compiled jquery_ujs.js  (0ms)  (pid 18145)
Compiled application.js  (57ms)  (pid 18145)
Compiled custom.css  (255ms)  (pid 18145)
Compiled sessions.css  (5ms)  (pid 18145)
Compiled user.css  (0ms)  (pid 18145)
Compiled videos.css  (0ms)  (pid 18145)
Compiled application.css  (274ms)  (pid 18145)
Compiled jquery.js  (27ms)  (pid 18145)
Compiled jquery.validate.js  (0ms)  (pid 18145)
Compiled jquery_ujs.js  (0ms)  (pid 18145)
Compiled application.js  (39ms)  (pid 18145)
Compiled custom.css  (206ms)  (pid 18145)
Compiled sessions.css  (5ms)  (pid 18145)
Compiled user.css  (0ms)  (pid 18145)
Compiled videos.css  (0ms)  (pid 18145)
Compiled application.css  (249ms)  (pid 18145)
Compiled jquery.js  (1ms)  (pid 18186)
Compiled jquery.validate.js  (0ms)  (pid 18186)
Compiled jquery_ujs.js  (0ms)  (pid 18186)
Compiled application.js  (40ms)  (pid 18186)
Compiled custom.css  (206ms)  (pid 18186)
Compiled sessions.css  (5ms)  (pid 18186)
Compiled user.css  (0ms)  (pid 18186)
Compiled videos.css  (0ms)  (pid 18186)
Compiled application.css  (225ms)  (pid 18186)
Compiled jquery.js  (35ms)  (pid 18186)
Compiled jquery.validate.js  (0ms)  (pid 18186)
Compiled jquery_ujs.js  (0ms)  (pid 18186)
Compiled application.js  (50ms)  (pid 18186)
Compiled custom.css  (229ms)  (pid 18186)
Compiled sessions.css  (5ms)  (pid 18186)
Compiled user.css  (1ms)  (pid 18186)
Compiled videos.css  (0ms)  (pid 18186)
Compiled application.css  (284ms)  (pid 18186)
Compiled jquery.js  (1ms)  (pid 18423)
Compiled jquery.validate.js  (0ms)  (pid 18423)
Compiled jquery_ujs.js  (0ms)  (pid 18423)
Compiled application.js  (42ms)  (pid 18423)
Compiled inline.js  (0ms)  (pid 18423)
Compiled user.js  (1ms)  (pid 18423)
Compiled jquery.js  (1ms)  (pid 18501)
Compiled jquery.validate.js  (0ms)  (pid 18501)
Compiled jquery_ujs.js  (0ms)  (pid 18501)
Compiled application.js  (38ms)  (pid 18501)
Compiled custom.css  (189ms)  (pid 18501)
Compiled sessions.css  (5ms)  (pid 18501)
Compiled user.css  (0ms)  (pid 18501)
Compiled videos.css  (0ms)  (pid 18501)
Compiled application.css  (207ms)  (pid 18501)
Compiled jquery.js  (29ms)  (pid 18501)
Compiled jquery.validate.js  (0ms)  (pid 18501)
Compiled jquery_ujs.js  (0ms)  (pid 18501)
Compiled application.js  (42ms)  (pid 18501)
Compiled custom.css  (200ms)  (pid 18501)
Compiled sessions.css  (5ms)  (pid 18501)
Compiled user.css  (0ms)  (pid 18501)
Compiled videos.css  (0ms)  (pid 18501)
Compiled application.css  (244ms)  (pid 18501)
Compiled jquery.js  (1ms)  (pid 19162)
Compiled jquery.validate.js  (0ms)  (pid 19162)
Compiled jquery_ujs.js  (0ms)  (pid 19162)
Compiled application.js  (38ms)  (pid 19162)
Compiled inline.js  (0ms)  (pid 19162)
Compiled validations.js  (0ms)  (pid 19162)
Compiled waypoints.min.js  (0ms)  (pid 19162)
Compiled custom.css  (209ms)  (pid 19162)
Compiled sessions.css  (5ms)  (pid 19162)
Compiled user.css  (0ms)  (pid 19162)
Compiled videos.css  (0ms)  (pid 19162)
Compiled application.css  (228ms)  (pid 19162)
Compiled jquery.js  (27ms)  (pid 19162)
Compiled jquery.validate.js  (0ms)  (pid 19162)
Compiled jquery_ujs.js  (0ms)  (pid 19162)
Compiled application.js  (40ms)  (pid 19162)
Compiled inline.js  (0ms)  (pid 19162)
Compiled validations.js  (0ms)  (pid 19162)
Compiled waypoints.min.js  (0ms)  (pid 19162)
Compiled custom.css  (206ms)  (pid 19162)
Compiled sessions.css  (5ms)  (pid 19162)
Compiled user.css  (0ms)  (pid 19162)
Compiled videos.css  (0ms)  (pid 19162)
Compiled application.css  (224ms)  (pid 19162)
Compiled jquery.js  (1ms)  (pid 20205)
Compiled jquery.validate.js  (0ms)  (pid 20205)
Compiled jquery_ujs.js  (0ms)  (pid 20205)
Compiled application.js  (44ms)  (pid 20205)
Compiled inline.js  (0ms)  (pid 20205)
Compiled validations.js  (0ms)  (pid 20205)
Compiled waypoints.min.js  (0ms)  (pid 20205)
Compiled custom.css  (201ms)  (pid 20205)
Compiled sessions.css  (5ms)  (pid 20205)
Compiled user.css  (0ms)  (pid 20205)
Compiled videos.css  (0ms)  (pid 20205)
Compiled application.css  (220ms)  (pid 20205)
Compiled jquery.js  (27ms)  (pid 20205)
Compiled jquery.validate.js  (0ms)  (pid 20205)
Compiled jquery_ujs.js  (0ms)  (pid 20205)
Compiled application.js  (39ms)  (pid 20205)
Compiled inline.js  (0ms)  (pid 20205)
Compiled validations.js  (27ms)  (pid 20205)
Compiled waypoints.min.js  (0ms)  (pid 20205)
Compiled custom.css  (199ms)  (pid 20205)
Compiled sessions.css  (5ms)  (pid 20205)
Compiled user.css  (0ms)  (pid 20205)
Compiled videos.css  (0ms)  (pid 20205)
Compiled application.css  (216ms)  (pid 20205)
Compiled jquery.js  (1ms)  (pid 20427)
Compiled jquery.validate.js  (0ms)  (pid 20427)
Compiled jquery_ujs.js  (0ms)  (pid 20427)
Compiled application.js  (38ms)  (pid 20427)
Compiled inline.js  (0ms)  (pid 20427)
Compiled validations.js  (0ms)  (pid 20427)
Compiled waypoints.min.js  (0ms)  (pid 20427)
Compiled custom.css  (199ms)  (pid 20427)
Compiled sessions.css  (5ms)  (pid 20427)
Compiled user.css  (1ms)  (pid 20427)
Compiled videos.css  (0ms)  (pid 20427)
Compiled application.css  (218ms)  (pid 20427)
Compiled jquery.js  (28ms)  (pid 20427)
Compiled jquery.validate.js  (0ms)  (pid 20427)
Compiled jquery_ujs.js  (0ms)  (pid 20427)
Compiled application.js  (40ms)  (pid 20427)
Compiled inline.js  (0ms)  (pid 20427)
Compiled validations.js  (0ms)  (pid 20427)
Compiled waypoints.min.js  (0ms)  (pid 20427)
Compiled custom.css  (199ms)  (pid 20427)
Compiled sessions.css  (6ms)  (pid 20427)
Compiled user.css  (1ms)  (pid 20427)
Compiled videos.css  (0ms)  (pid 20427)
Compiled application.css  (236ms)  (pid 20427)
